Arguments: 
  /usr/bin/node /usr/bin/yarn add bootstrap

PATH: 
  /usr/local/sbin:/usr/local/bin:/usr/sbin:/usr/bin:/sbin:/bin:/usr/games:/usr/local/games:/snap/bin

Yarn version: 
  1.12.3

Node version: 
  11.2.0

Platform: 
  linux x64

Trace: 
  Error: EACCES: permission denied, unlink '/home/julien/Documents/etna/tic_web/dahala_m/node_modules/big-time/LICENSE.md'

npm manifest: 
  {
    "name": "HVMMv16",
    "version": "1.0.0",
    "main": "index.js",
    "author": "group de dahala_m",
    "license": "MIT",
    "dependencies": {
      "config": "^3.0.0",
      "good": "7",
      "good-console": "^7.1.0",
      "good-squeeze": "^5.1.0",
      "hapi": "^16.7.0",
      "joi": "^14.1.0"
    },
    "scripts": {
      "start": "nodemon server.js"
    }
  }

yarn manifest: 
  No manifest

Lockfile: 
  # THIS IS AN AUTOGENERATED FILE. DO NOT EDIT THIS FILE DIRECTLY.
  # yarn lockfile v1
  
  
  accept@2.x.x:
    version "2.1.4"
    resolved "https://registry.yarnpkg.com/accept/-/accept-2.1.4.tgz#887af54ceee5c7f4430461971ec400c61d09acbb"
    integrity sha1-iHr1TO7lx/RDBGGXHsQAxh0JrLs=
    dependencies:
      boom "5.x.x"
      hoek "4.x.x"
  
  ammo@2.x.x:
    version "2.0.4"
    resolved "https://registry.yarnpkg.com/ammo/-/ammo-2.0.4.tgz#bf80aab211698ea78f63ef5e7f113dd5d9e8917f"
    integrity sha1-v4CqshFpjqePY+9efxE91dnokX8=
    dependencies:
      boom "5.x.x"
      hoek "4.x.x"
  
  b64@3.x.x:
    version "3.0.3"
    resolved "https://registry.yarnpkg.com/b64/-/b64-3.0.3.tgz#36afeee0d9345f046387ce6de8a6702afe5bb56e"
    integrity sha512-Pbeh0i6OLubPJdIdCepn8ZQHwN2MWznZHbHABSTEfQ706ie+yuxNSaPdqX1xRatT6WanaS1EazMiSg0NUW2XxQ==
  
  boom@5.x.x:
    version "5.2.0"
    resolved "https://registry.yarnpkg.com/boom/-/boom-5.2.0.tgz#5dd9da6ee3a5f302077436290cb717d3f4a54e02"
    integrity sha512-Z5BTk6ZRe4tXXQlkqftmsAUANpXmuwlsF5Oov8ThoMbQRzdGTA1ngYRW160GexgOgjsFOKJz0LYhoNi+2AMBUw==
    dependencies:
      hoek "4.x.x"
  
  call@4.x.x:
    version "4.0.2"
    resolved "https://registry.yarnpkg.com/call/-/call-4.0.2.tgz#df76f5f51ee8dd48b856ac8400f7e69e6d7399c4"
    integrity sha1-33b19R7o3Ui4VqyEAPfmnm1zmcQ=
    dependencies:
      boom "5.x.x"
      hoek "4.x.x"
  
  catbox-memory@2.x.x:
    version "2.0.4"
    resolved "https://registry.yarnpkg.com/catbox-memory/-/catbox-memory-2.0.4.tgz#433e255902caf54233d1286429c8f4df14e822d5"
    integrity sha1-Qz4lWQLK9UIz0ShkKcj03xToItU=
    dependencies:
      hoek "4.x.x"
  
  catbox@7.x.x:
    version "7.1.5"
    resolved "https://registry.yarnpkg.com/catbox/-/catbox-7.1.5.tgz#c56f7e8e9555d27c0dc038a96ef73e57d186bb1f"
    integrity sha512-4fui5lELzqZ+9cnaAP/BcqXTH6LvWLBRtFhJ0I4FfgfXiSaZcf6k9m9dqOyChiTxNYtvLk7ZMYSf7ahMq3bf5A==
    dependencies:
      boom "5.x.x"
      hoek "4.x.x"
      joi "10.x.x"
  
  config@^3.0.0:
    version "3.0.0"
    resolved "https://registry.yarnpkg.com/config/-/config-3.0.0.tgz#a71cdbb22d225df9eff20b95178d65a63c452367"
    integrity sha512-QMr3BCOcHdgXx8t8cLfBhWtHcIAAMikaxUc2XASuH2A93g9kOIRch7sXFQdSvdMxhQobnctWm2y68YJYRttJlw==
    dependencies:
      json5 "^1.0.1"
  
  content@3.x.x:
    version "3.0.7"
    resolved "https://registry.yarnpkg.com/content/-/content-3.0.7.tgz#0cbb88e82702d35ccf59800b8add609bb5c1dfc2"
    integrity sha512-LXtnSnvE+Z1Cjpa3P9gh9kb396qV4MqpfwKy777BOSF8n6nw2vAi03tHNl0/XRqZUyzVzY/+nMXOZVnEapWzdg==
    dependencies:
      boom "5.x.x"
  
  core-util-is@~1.0.0:
    version "1.0.2"
    resolved "https://registry.yarnpkg.com/core-util-is/-/core-util-is-1.0.2.tgz#b5fd54220aa2bc5ab57aab7140c940754503c1a7"
    integrity sha1-tf1UIgqivFq1eqtxQMlAdUUDwac=
  
  cryptiles@3.x.x:
    version "3.1.4"
    resolved "https://registry.yarnpkg.com/cryptiles/-/cryptiles-3.1.4.tgz#769a68c95612b56faadfcebf57ac86479cbe8322"
    integrity sha512-8I1sgZHfVwcSOY6mSGpVU3lw/GSIZvusg8dD2+OGehCJpOhQRLNcH0qb9upQnOH4XhgxxFJSg6E2kx95deb1Tw==
    dependencies:
      boom "5.x.x"
  
  duplexify@^3.5.3:
    version "3.6.1"
    resolved "https://registry.yarnpkg.com/duplexify/-/duplexify-3.6.1.tgz#b1a7a29c4abfd639585efaecce80d666b1e34125"
    integrity sha512-vM58DwdnKmty+FSPzT14K9JXb90H+j5emaR4KYbr2KTIz00WHGbWOe5ghQTx233ZCLZtrGDALzKwcjEtSt35mA==
    dependencies:
      end-of-stream "^1.0.0"
      inherits "^2.0.1"
      readable-stream "^2.0.0"
      stream-shift "^1.0.0"
  
  end-of-stream@^1.0.0, end-of-stream@^1.1.0:
    version "1.4.1"
    resolved "https://registry.yarnpkg.com/end-of-stream/-/end-of-stream-1.4.1.tgz#ed29634d19baba463b6ce6b80a37213eab71ec43"
    integrity sha512-1MkrZNvWTKCaigbn+W15elq2BB/L22nqrSY5DKlo3X6+vclJm8Bb5djXJBmEX6fS3+zCh/F4VBK5Z2KxJt4s2Q==
    dependencies:
      once "^1.4.0"
  
  fast-safe-stringify@2.0.x:
    version "2.0.6"
    resolved "https://registry.yarnpkg.com/fast-safe-stringify/-/fast-safe-stringify-2.0.6.tgz#04b26106cc56681f51a044cfc0d76cf0008ac2c2"
    integrity sha512-q8BZ89jjc+mz08rSxROs8VsrBBcn1SIw1kq9NjolL509tkABRk9io01RAjSaEv1Xb2uFLt8VtRiZbGp5H8iDtg==
  
  good-console@^7.1.0:
    version "7.1.0"
    resolved "https://registry.yarnpkg.com/good-console/-/good-console-7.1.0.tgz#ebcf948d7adb8898145bdc76f2f7cdd64641b4a0"
    integrity sha1-68+UjXrbiJgUW9x28vfN1kZBtKA=
    dependencies:
      hoek "4.x.x"
      joi "12.x.x"
      json-stringify-safe "5.0.x"
      moment "2.20.x"
  
  good-squeeze@^5.1.0:
    version "5.1.0"
    resolved "https://registry.yarnpkg.com/good-squeeze/-/good-squeeze-5.1.0.tgz#265f3e8be6081aa44c55d484d1af375e166752b9"
    integrity sha1-Jl8+i+YIGqRMVdSE0a83XhZnUrk=
    dependencies:
      fast-safe-stringify "2.0.x"
      hoek "4.2.x"
  
  good@7:
    version "7.3.0"
    resolved "https://registry.yarnpkg.com/good/-/good-7.3.0.tgz#25da74d51f336692ec86fe8d6533453585fa85fe"
    integrity sha512-bZ4clzBw75zI424QUOrOnzwSM/7BrJ/2xTX75IT3spIZ052OPYEzLqdSt4mj/zZfs2OU52+/428QEmvyKUscUQ==
    dependencies:
      hoek "4.x.x"
      joi "10.x.x"
      oppsy "1.x.x"
      pumpify "1.3.x"
  
  hapi@^16.7.0:
    version "16.7.0"
    resolved "https://registry.yarnpkg.com/hapi/-/hapi-16.7.0.tgz#3bb39517971df81e8198ec04751455e8b6cb0871"
    integrity sha512-UeMX1LMWmHEIgMlwZGK/3lhI7X0VRvOioVply0Y9qF+/O5woGdQzNB8ZmDnLOBjnB6bdWWHyo5DEamuCsE1vmg==
    dependencies:
      accept "2.x.x"
      ammo "2.x.x"
      boom "5.x.x"
      call "4.x.x"
      catbox "7.x.x"
      catbox-memory "2.x.x"
      cryptiles "3.x.x"
      heavy "4.x.x"
      hoek "4.x.x"
      iron "4.x.x"
      items "2.x.x"
      joi "11.x.x"
      mimos "3.x.x"
      podium "1.x.x"
      shot "3.x.x"
      somever "1.x.x"
      statehood "5.x.x"
      subtext "5.x.x"
      topo "2.x.x"
  
  heavy@4.x.x:
    version "4.0.4"
    resolved "https://registry.yarnpkg.com/heavy/-/heavy-4.0.4.tgz#36c91336c00ccfe852caa4d153086335cd2f00e9"
    integrity sha1-NskTNsAMz+hSyqTRUwhjNc0vAOk=
    dependencies:
      boom "5.x.x"
      hoek "4.x.x"
      joi "10.x.x"
  
  hoek@4.2.x, hoek@4.x.x:
    version "4.2.1"
    resolved "https://registry.yarnpkg.com/hoek/-/hoek-4.2.1.tgz#9634502aa12c445dd5a7c5734b572bb8738aacbb"
    integrity sha512-QLg82fGkfnJ/4iy1xZ81/9SIJiq1NGFUMGs6ParyjBZr6jW2Ufj/snDqTHixNlHdPNwN2RLVD0Pi3igeK9+JfA==
  
  hoek@6.x.x:
    version "6.0.3"
    resolved "https://registry.yarnpkg.com/hoek/-/hoek-6.0.3.tgz#7884360426d927865a0a1251fc9c59313af5b798"
    integrity sha512-TU6RyZ/XaQCTWRLrdqZZtZqwxUVr6PDMfi6MlWNURZ7A6czanQqX4pFE1mdOUQR9FdPCsZ0UzL8jI/izZ+eBSQ==
  
  inherits@^2.0.1, inherits@^2.0.3, inherits@~2.0.3:
    version "2.0.3"
    resolved "https://registry.yarnpkg.com/inherits/-/inherits-2.0.3.tgz#633c2c83e3da42a502f52466022480f4208261de"
    integrity sha1-Yzwsg+PaQqUC9SRmAiSA9CCCYd4=
  
  iron@4.x.x:
    version "4.0.5"
    resolved "https://registry.yarnpkg.com/iron/-/iron-4.0.5.tgz#4f042cceb8b9738f346b59aa734c83a89bc31428"
    integrity sha1-TwQszri5c480a1mqc0yDqJvDFCg=
    dependencies:
      boom "5.x.x"
      cryptiles "3.x.x"
      hoek "4.x.x"
  
  isarray@~1.0.0:
    version "1.0.0"
    resolved "https://registry.yarnpkg.com/isarray/-/isarray-1.0.0.tgz#bb935d48582cba168c06834957a54a3e07124f11"
    integrity sha1-u5NdSFgsuhaMBoNJV6VKPgcSTxE=
  
  isemail@2.x.x:
    version "2.2.1"
    resolved "https://registry.yarnpkg.com/isemail/-/isemail-2.2.1.tgz#0353d3d9a62951080c262c2aa0a42b8ea8e9e2a6"
    integrity sha1-A1PT2aYpUQgMJiwqoKQrjqjp4qY=
  
  isemail@3.x.x:
    version "3.2.0"
    resolved "https://registry.yarnpkg.com/isemail/-/isemail-3.2.0.tgz#59310a021931a9fb06bbb51e155ce0b3f236832c"
    integrity sha512-zKqkK+O+dGqevc93KNsbZ/TqTUFd46MwWjYOoMrjIMZ51eU7DtQG3Wmd9SQQT7i7RVnuTPEiYEWHU3MSbxC1Tg==
    dependencies:
      punycode "2.x.x"
  
  items@2.x.x:
    version "2.1.2"
    resolved "https://registry.yarnpkg.com/items/-/items-2.1.2.tgz#0849354595805d586dac98e7e6e85556ea838558"
    integrity sha512-kezcEqgB97BGeZZYtX/MA8AG410ptURstvnz5RAgyFZ8wQFPMxHY8GpTq+/ZHKT3frSlIthUq7EvLt9xn3TvXg==
  
  joi@10.x.x:
    version "10.6.0"
    resolved "https://registry.yarnpkg.com/joi/-/joi-10.6.0.tgz#52587f02d52b8b75cdb0c74f0b164a191a0e1fc2"
    integrity sha512-hBF3LcqyAid+9X/pwg+eXjD2QBZI5eXnBFJYaAkH4SK3mp9QSRiiQnDYlmlz5pccMvnLcJRS4whhDOTCkmsAdQ==
    dependencies:
      hoek "4.x.x"
      isemail "2.x.x"
      items "2.x.x"
      topo "2.x.x"
  
  joi@11.x.x:
    version "11.4.0"
    resolved "https://registry.yarnpkg.com/joi/-/joi-11.4.0.tgz#f674897537b625e9ac3d0b7e1604c828ad913ccb"
    integrity sha512-O7Uw+w/zEWgbL6OcHbyACKSj0PkQeUgmehdoXVSxt92QFCq4+1390Rwh5moI2K/OgC7D8RHRZqHZxT2husMJHA==
    dependencies:
      hoek "4.x.x"
      isemail "3.x.x"
      topo "2.x.x"
  
  joi@12.x.x:
    version "12.0.0"
    resolved "https://registry.yarnpkg.com/joi/-/joi-12.0.0.tgz#46f55e68f4d9628f01bbb695902c8b307ad8d33a"
    integrity sha512-z0FNlV4NGgjQN1fdtHYXf5kmgludM65fG/JlXzU6+rwkt9U5UWuXVYnXa2FpK0u6+qBuCmrm5byPNuiiddAHvQ==
    dependencies:
      hoek "4.x.x"
      isemail "3.x.x"
      topo "2.x.x"
  
  joi@^14.1.0:
    version "14.1.0"
    resolved "https://registry.yarnpkg.com/joi/-/joi-14.1.0.tgz#98a7923108a9f361192551b29f538488d07953cc"
    integrity sha512-oJDBwllD6VjSMquuv56W0fQlegJdsr8+905zuEQhnE/eTSh5GYUHlwn/UATnlDepuXZF8BnxggdxqQTYrtit6Q==
    dependencies:
      hoek "6.x.x"
      isemail "3.x.x"
      topo "3.x.x"
  
  json-stringify-safe@5.0.x:
    version "5.0.1"
    resolved "https://registry.yarnpkg.com/json-stringify-safe/-/json-stringify-safe-5.0.1.tgz#1296a2d58fd45f19a0f6ce01d65701e2c735b6eb"
    integrity sha1-Epai1Y/UXxmg9s4B1lcB4sc1tus=
  
  json5@^1.0.1:
    version "1.0.1"
    resolved "https://registry.yarnpkg.com/json5/-/json5-1.0.1.tgz#779fb0018604fa854eacbf6252180d83543e3dbe"
    integrity sha512-aKS4WQjPenRxiQsC93MNfjx+nbF4PAdYzmd/1JIj8HYzqfbu86beTuNgXDzPknWk0n0uARlyewZo4s++ES36Ow==
    dependencies:
      minimist "^1.2.0"
  
  mime-db@1.x.x:
    version "1.37.0"
    resolved "https://registry.yarnpkg.com/mime-db/-/mime-db-1.37.0.tgz#0b6a0ce6fdbe9576e25f1f2d2fde8830dc0ad0d8"
    integrity sha512-R3C4db6bgQhlIhPU48fUtdVmKnflq+hRdad7IyKhtFj06VPNVdk2RhiYL3UjQIlso8L+YxAtFkobT0VK+S/ybg==
  
  mimos@3.x.x:
    version "3.0.3"
    resolved "https://registry.yarnpkg.com/mimos/-/mimos-3.0.3.tgz#b9109072ad378c2b72f6a0101c43ddfb2b36641f"
    integrity sha1-uRCQcq03jCty9qAQHEPd+ys2ZB8=
    dependencies:
      hoek "4.x.x"
      mime-db "1.x.x"
  
  minimist@^1.2.0:
    version "1.2.0"
    resolved "https://registry.yarnpkg.com/minimist/-/minimist-1.2.0.tgz#a35008b20f41383eec1fb914f4cd5df79a264284"
    integrity sha1-o1AIsg9BOD7sH7kU9M1d95omQoQ=
  
  moment@2.20.x:
    version "2.20.1"
    resolved "https://registry.yarnpkg.com/moment/-/moment-2.20.1.tgz#d6eb1a46cbcc14a2b2f9434112c1ff8907f313fd"
    integrity sha512-Yh9y73JRljxW5QxN08Fner68eFLxM5ynNOAw2LbIB1YAGeQzZT8QFSUvkAz609Zf+IHhhaUxqZK8dG3W/+HEvg==
  
  nigel@2.x.x:
    version "2.0.2"
    resolved "https://registry.yarnpkg.com/nigel/-/nigel-2.0.2.tgz#93a1866fb0c52d87390aa75e2b161f4b5c75e5b1"
    integrity sha1-k6GGb7DFLYc5CqdeKxYfS1x15bE=
    dependencies:
      hoek "4.x.x"
      vise "2.x.x"
  
  once@^1.3.1, once@^1.4.0:
    version "1.4.0"
    resolved "https://registry.yarnpkg.com/once/-/once-1.4.0.tgz#583b1aa775961d4b113ac17d9c50baef9dd76bd1"
    integrity sha1-WDsap3WWHUsROsF9nFC6753Xa9E=
    dependencies:
      wrappy "1"
  
  oppsy@1.x.x:
    version "1.0.2"
    resolved "https://registry.yarnpkg.com/oppsy/-/oppsy-1.0.2.tgz#98014cd6967653a83cfffa554226dc90050baad4"
    integrity sha1-mAFM1pZ2U6g8//pVQibckAULqtQ=
    dependencies:
      hoek "4.x.x"
      items "2.x.x"
  
  pez@2.x.x:
    version "2.1.5"
    resolved "https://registry.yarnpkg.com/pez/-/pez-2.1.5.tgz#5ec2cc62500cc3eb4236d4a414cf5a17b5eb5007"
    integrity sha1-XsLMYlAMw+tCNtSkFM9aF7XrUAc=
    dependencies:
      b64 "3.x.x"
      boom "5.x.x"
      content "3.x.x"
      hoek "4.x.x"
      nigel "2.x.x"
  
  podium@1.x.x:
    version "1.3.0"
    resolved "https://registry.yarnpkg.com/podium/-/podium-1.3.0.tgz#3c490f54d16f10f5260cbe98641f1cb733a8851c"
    integrity sha512-ZIujqk1pv8bRZNVxwwwq0BhXilZ2udycQT3Kp8ah3f3TcTmVg7ILJsv/oLf47gRa2qeiP584lNq+pfvS9U3aow==
    dependencies:
      hoek "4.x.x"
      items "2.x.x"
      joi "10.x.x"
  
  process-nextick-args@~2.0.0:
    version "2.0.0"
    resolved "https://registry.yarnpkg.com/process-nextick-args/-/process-nextick-args-2.0.0.tgz#a37d732f4271b4ab1ad070d35508e8290788ffaa"
    integrity sha512-MtEC1TqN0EU5nephaJ4rAtThHtC86dNN9qCuEhtshvpVBkAW5ZO7BASN9REnF9eoXGcRub+pFuKEpOHE+HbEMw==
  
  pump@^2.0.0:
    version "2.0.1"
    resolved "https://registry.yarnpkg.com/pump/-/pump-2.0.1.tgz#12399add6e4cf7526d973cbc8b5ce2e2908b3909"
    integrity sha512-ruPMNRkN3MHP1cWJc9OWr+T/xDP0jhXYCLfJcBuX54hhfIBnaQmAUMfDcG4DM5UMWByBbJY69QSphm3jtDKIkA==
    dependencies:
      end-of-stream "^1.1.0"
      once "^1.3.1"
  
  pumpify@1.3.x:
    version "1.3.6"
    resolved "https://registry.yarnpkg.com/pumpify/-/pumpify-1.3.6.tgz#00d40e5ded0a3bf1e0788b1c0cf426a42882ab64"
    integrity sha512-BurGAcvezsINL5US9T9wGHHcLNrG6MCp//ECtxron3vcR+Rfx5Anqq7HbZXNJvFQli8FGVsWCAvywEJFV5Hx/Q==
    dependencies:
      duplexify "^3.5.3"
      inherits "^2.0.3"
      pump "^2.0.0"
  
  punycode@2.x.x:
    version "2.1.1"
    resolved "https://registry.yarnpkg.com/punycode/-/punycode-2.1.1.tgz#b58b010ac40c22c5657616c8d2c2c02c7bf479ec"
    integrity sha512-XRsRjdf+j5ml+y/6GKHPZbrF/8p2Yga0JPtdqTIY2Xe5ohJPD9saDJJLPvp9+NSBprVvevdXZybnj2cv8OEd0A==
  
  readable-stream@^2.0.0:
    version "2.3.6"
    resolved "https://registry.yarnpkg.com/readable-stream/-/readable-stream-2.3.6.tgz#b11c27d88b8ff1fbe070643cf94b0c79ae1b0aaf"
    integrity sha512-tQtKA9WIAhBF3+VLAseyMqZeBjW0AHJoxOtYqSUZNJxauErmLbVm2FW1y+J/YA9dUrAC39ITejlZWhVIwawkKw==
    dependencies:
      core-util-is "~1.0.0"
      inherits "~2.0.3"
      isarray "~1.0.0"
      process-nextick-args "~2.0.0"
      safe-buffer "~5.1.1"
      string_decoder "~1.1.1"
      util-deprecate "~1.0.1"
  
  safe-buffer@~5.1.0, safe-buffer@~5.1.1:
    version "5.1.2"
    resolved "https://registry.yarnpkg.com/safe-buffer/-/safe-buffer-5.1.2.tgz#991ec69d296e0313747d59bdfd2b745c35f8828d"
    integrity sha512-Gd2UZBJDkXlY7GbJxfsE8/nvKkUEU1G38c1siN6QP6a9PT9MmHB8GnpscSmMJSoF8LOIrt8ud/wPtojys4G6+g==
  
  shot@3.x.x:
    version "3.4.2"
    resolved "https://registry.yarnpkg.com/shot/-/shot-3.4.2.tgz#1e5c3f6f2b26649adc42f7eb350214a5a0291d67"
    integrity sha1-Hlw/bysmZJrcQvfrNQIUpaApHWc=
    dependencies:
      hoek "4.x.x"
      joi "10.x.x"
  
  somever@1.x.x:
    version "1.0.1"
    resolved "https://registry.yarnpkg.com/somever/-/somever-1.0.1.tgz#28a5c7de0d55f781af52fbce9960db1b84ce206e"
    integrity sha512-PCDMBcega4n7wuBUKmkiXidF3cOwtHHGg2qJYl0Rkw7StZqORoCgqce7HUuWNta/NAiQhwLDezNnTANxEWPCGA==
    dependencies:
      hoek "4.x.x"
  
  statehood@5.x.x:
    version "5.0.3"
    resolved "https://registry.yarnpkg.com/statehood/-/statehood-5.0.3.tgz#c07a75620db5379b60d2edd47f538002a8ac7dd6"
    integrity sha512-YrPrCt10t3ImH/JMO5szSwX7sCm8HoqVl3VFLOa9EZ1g/qJx/ZmMhN+2uzPPB/vaU6hpkJpXxcBWsgIkkG+MXA==
    dependencies:
      boom "5.x.x"
      cryptiles "3.x.x"
      hoek "4.x.x"
      iron "4.x.x"
      items "2.x.x"
      joi "10.x.x"
  
  stream-shift@^1.0.0:
    version "1.0.0"
    resolved "https://registry.yarnpkg.com/stream-shift/-/stream-shift-1.0.0.tgz#d5c752825e5367e786f78e18e445ea223a155952"
    integrity sha1-1cdSgl5TZ+eG944Y5EXqIjoVWVI=
  
  string_decoder@~1.1.1:
    version "1.1.1"
    resolved "https://registry.yarnpkg.com/string_decoder/-/string_decoder-1.1.1.tgz#9cf1611ba62685d7030ae9e4ba34149c3af03fc8"
    integrity sha512-n/ShnvDi6FHbbVfviro+WojiFzv+s8MPMHBczVePfUpDJLwoLT0ht1l4YwBCbi8pJAveEEdnkHyPyTP/mzRfwg==
    dependencies:
      safe-buffer "~5.1.0"
  
  subtext@5.x.x:
    version "5.0.0"
    resolved "https://registry.yarnpkg.com/subtext/-/subtext-5.0.0.tgz#9c3f083018bb1586b167ad8cfd87083f5ccdfe0f"
    integrity sha512-2nXG1G1V+K64Z20cQII7k0s38J2DSycMXBLMAk9RXUFG0uAkAbLSVoa88croX9VhTdBCJbLAe9g6LmzKwpJhhQ==
    dependencies:
      boom "5.x.x"
      content "3.x.x"
      hoek "4.x.x"
      pez "2.x.x"
      wreck "12.x.x"
  
  topo@2.x.x:
    version "2.0.2"
    resolved "https://registry.yarnpkg.com/topo/-/topo-2.0.2.tgz#cd5615752539057c0dc0491a621c3bc6fbe1d182"
    integrity sha1-zVYVdSU5BXwNwEkaYhw7xvvh0YI=
    dependencies:
      hoek "4.x.x"
  
  topo@3.x.x:
    version "3.0.3"
    resolved "https://registry.yarnpkg.com/topo/-/topo-3.0.3.tgz#d5a67fb2e69307ebeeb08402ec2a2a6f5f7ad95c"
    integrity sha512-IgpPtvD4kjrJ7CRA3ov2FhWQADwv+Tdqbsf1ZnPUSAtCJ9e1Z44MmoSGDXGk4IppoZA7jd/QRkNddlLJWlUZsQ==
    dependencies:
      hoek "6.x.x"
  
  util-deprecate@~1.0.1:
    version "1.0.2"
    resolved "https://registry.yarnpkg.com/util-deprecate/-/util-deprecate-1.0.2.tgz#450d4dc9fa70de732762fbd2d4a28981419a0ccf"
    integrity sha1-RQ1Nyfpw3nMnYvvS1KKJgUGaDM8=
  
  vise@2.x.x:
    version "2.0.2"
    resolved "https://registry.yarnpkg.com/vise/-/vise-2.0.2.tgz#6b08e8fb4cb76e3a50cd6dd0ec37338e811a0d39"
    integrity sha1-awjo+0y3bjpQzW3Q7DczjoEaDTk=
    dependencies:
      hoek "4.x.x"
  
  wrappy@1:
    version "1.0.2"
    resolved "https://registry.yarnpkg.com/wrappy/-/wrappy-1.0.2.tgz#b5243d8f3ec1aa35f1364605bc0d1036e30ab69f"
    integrity sha1-tSQ9jz7BqjXxNkYFvA0QNuMKtp8=
  
  wreck@12.x.x:
    version "12.5.1"
    resolved "https://registry.yarnpkg.com/wreck/-/wreck-12.5.1.tgz#cd2ffce167449e1f0242ed9cf80552e20fb6902a"
    integrity sha512-l5DUGrc+yDyIflpty1x9XuMj1ehVjC/dTbF3/BasOO77xk0EdEa4M/DuOY8W88MQDAD0fEDqyjc8bkIMHd2E9A==
    dependencies:
      boom "5.x.x"
      hoek "4.x.x"
